{"/Users/vt/Desktop/codeworks/Senior/thesis/EVAPP/server/index.ts": {"path":"/Users/vt/Desktop/codeworks/Senior/thesis/EVAPP/server/index.ts","statementMap":{"0":{"start":{"line":1,"column":0},"end":{"line":1,"column":30}},"1":{"start":{"line":2,"column":0},"end":{"line":2,"column":24}},"2":{"start":{"line":3,"column":0},"end":{"line":3,"column":38}},"3":{"start":{"line":4,"column":0},"end":{"line":4,"column":50}},"4":{"start":{"line":5,"column":0},"end":{"line":5,"column":28}},"5":{"start":{"line":6,"column":0},"end":{"line":6,"column":29}},"6":{"start":{"line":8,"column":0},"end":{"line":8,"column":34}},"7":{"start":{"line":9,"column":0},"end":{"line":9,"column":5}},"8":{"start":{"line":11,"column":12},"end":{"line":11,"column":21}},"9":{"start":{"line":26,"column":8},"end":{"line":26,"column":11}},"10":{"start":{"line":12,"column":13},"end":{"line":12,"column":37}},"11":{"start":{"line":13,"column":15},"end":{"line":13,"column":48}},"12":{"start":{"line":26,"column":13},"end":{"line":26,"column":19}},"13":{"start":{"line":14,"column":11},"end":{"line":14,"column":39}},"14":{"start":{"line":16,"column":0},"end":{"line":16,"column":16}},"15":{"start":{"line":17,"column":0},"end":{"line":17,"column":24}},"16":{"start":{"line":18,"column":0},"end":{"line":18,"column":16}},"17":{"start":{"line":19,"column":0},"end":{"line":19,"column":17}},"18":{"start":{"line":22,"column":0},"end":{"line":24,"column":3}},"19":{"start":{"line":23,"column":4},"end":{"line":23,"column":45}}},"fnMap":{"0":{"name":"(anonymous_1)","decl":{"start":{"line":22,"column":20},"end":{"line":22,"column":23}},"loc":{"start":{"line":22,"column":25},"end":{"line":24,"column":1}}}},"branchMap":{"0":{"loc":{"start":{"line":12,"column":13},"end":{"line":12,"column":37}},"type":"binary-expr","locations":[{"start":{"line":12,"column":13},"end":{"line":12,"column":29}},{"start":{"line":12,"column":33},"end":{"line":12,"column":37}}]}},"s":{"0":1,"1":1,"2":1,"3":1,"4":1,"5":1,"6":1,"7":1,"8":1,"9":1,"10":1,"11":1,"12":1,"13":1,"14":1,"15":1,"16":1,"17":1,"18":1,"19":1},"f":{"0":1},"b":{"0":[1,1]}}
,"/Users/vt/Desktop/codeworks/Senior/thesis/EVAPP/server/controllers/chatController.ts": {"path":"/Users/vt/Desktop/codeworks/Senior/thesis/EVAPP/server/controllers/chatController.ts","statementMap":{"0":{"start":{"line":2,"column":0},"end":{"line":2,"column":28}},"1":{"start":{"line":3,"column":0},"end":{"line":3,"column":24}},"2":{"start":{"line":4,"column":0},"end":{"line":4,"column":36}},"3":{"start":{"line":5,"column":0},"end":{"line":5,"column":50}},"4":{"start":{"line":6,"column":0},"end":{"line":6,"column":34}},"5":{"start":{"line":7,"column":0},"end":{"line":7,"column":34}},"6":{"start":{"line":8,"column":0},"end":{"line":8,"column":66}},"7":{"start":{"line":10,"column":27},"end":{"line":16,"column":1}},"8":{"start":{"line":11,"column":4},"end":{"line":15,"column":5}},"9":{"start":{"line":12,"column":8},"end":{"line":12,"column":50}},"10":{"start":{"line":14,"column":8},"end":{"line":14,"column":29}},"11":{"start":{"line":10,"column":13},"end":{"line":10,"column":27}},"12":{"start":{"line":19,"column":17},"end":{"line":66,"column":1}},"13":{"start":{"line":20,"column":4},"end":{"line":65,"column":5}},"14":{"start":{"line":21,"column":30},"end":{"line":21,"column":53}},"15":{"start":{"line":22,"column":8},"end":{"line":22,"column":107}},"16":{"start":{"line":22,"column":53},"end":{"line":22,"column":107}},"17":{"start":{"line":24,"column":42},"end":{"line":24,"column":50}},"18":{"start":{"line":26,"column":27},"end":{"line":41,"column":10}},"19":{"start":{"line":43,"column":8},"end":{"line":43,"column":102}},"20":{"start":{"line":43,"column":49},"end":{"line":43,"column":102}},"21":{"start":{"line":45,"column":23},"end":{"line":45,"column":50}},"22":{"start":{"line":46,"column":26},"end":{"line":46,"column":56}},"23":{"start":{"line":48,"column":21},"end":{"line":58,"column":10}},"24":{"start":{"line":59,"column":8},"end":{"line":59,"column":81}},"25":{"start":{"line":59,"column":19},"end":{"line":59,"column":81}},"26":{"start":{"line":61,"column":8},"end":{"line":61,"column":null}},"27":{"start":{"line":63,"column":8},"end":{"line":63,"column":51}},"28":{"start":{"line":64,"column":8},"end":{"line":64,"column":84}},"29":{"start":{"line":83,"column":20},"end":{"line":100,"column":1}},"30":{"start":{"line":84,"column":4},"end":{"line":99,"column":5}},"31":{"start":{"line":85,"column":30},"end":{"line":85,"column":53}},"32":{"start":{"line":86,"column":8},"end":{"line":86,"column":107}},"33":{"start":{"line":86,"column":53},"end":{"line":86,"column":107}},"34":{"start":{"line":88,"column":22},"end":{"line":93,"column":10}},"35":{"start":{"line":95,"column":8},"end":{"line":95,"column":47}},"36":{"start":{"line":97,"column":8},"end":{"line":97,"column":54}},"37":{"start":{"line":98,"column":8},"end":{"line":98,"column":87}},"38":{"start":{"line":106,"column":16},"end":{"line":119,"column":1}},"39":{"start":{"line":107,"column":4},"end":{"line":118,"column":5}},"40":{"start":{"line":108,"column":30},"end":{"line":108,"column":53}},"41":{"start":{"line":109,"column":8},"end":{"line":109,"column":82}},"42":{"start":{"line":109,"column":28},"end":{"line":109,"column":82}},"43":{"start":{"line":111,"column":27},"end":{"line":111,"column":37}},"44":{"start":{"line":112,"column":21},"end":{"line":112,"column":51}},"45":{"start":{"line":114,"column":8},"end":{"line":114,"column":46}},"46":{"start":{"line":116,"column":8},"end":{"line":116,"column":50}},"47":{"start":{"line":117,"column":8},"end":{"line":117,"column":83}},"48":{"start":{"line":121,"column":20},"end":{"line":141,"column":1}},"49":{"start":{"line":122,"column":4},"end":{"line":140,"column":5}},"50":{"start":{"line":124,"column":27},"end":{"line":124,"column":37}},"51":{"start":{"line":125,"column":28},"end":{"line":125,"column":36}},"52":{"start":{"line":127,"column":27},"end":{"line":133,"column":null}},"53":{"start":{"line":136,"column":8},"end":{"line":136,"column":61}},"54":{"start":{"line":138,"column":8},"end":{"line":138,"column":50}},"55":{"start":{"line":139,"column":8},"end":{"line":139,"column":83}},"56":{"start":{"line":144,"column":18},"end":{"line":189,"column":3}},"57":{"start":{"line":145,"column":4},"end":{"line":188,"column":5}},"58":{"start":{"line":146,"column":28},"end":{"line":146,"column":51}},"59":{"start":{"line":147,"column":6},"end":{"line":147,"column":80}},"60":{"start":{"line":147,"column":26},"end":{"line":147,"column":80}},"61":{"start":{"line":149,"column":25},"end":{"line":149,"column":35}},"62":{"start":{"line":150,"column":25},"end":{"line":150,"column":33}},"63":{"start":{"line":153,"column":26},"end":{"line":163,"column":8}},"64":{"start":{"line":166,"column":6},"end":{"line":168,"column":7}},"65":{"start":{"line":167,"column":8},"end":{"line":167,"column":65}},"66":{"start":{"line":171,"column":28},"end":{"line":174,"column":8}},"67":{"start":{"line":176,"column":24},"end":{"line":180,"column":8}},"68":{"start":{"line":182,"column":6},"end":{"line":182,"column":29}},"69":{"start":{"line":183,"column":6},"end":{"line":183,"column":53}},"70":{"start":{"line":186,"column":6},"end":{"line":186,"column":50}},"71":{"start":{"line":187,"column":6},"end":{"line":187,"column":83}},"72":{"start":{"line":192,"column":0},"end":{"line":198,"column":null}}},"fnMap":{"0":{"name":"(anonymous_1)","decl":{"start":{"line":10,"column":27},"end":{"line":10,"column":32}},"loc":{"start":{"line":10,"column":62},"end":{"line":16,"column":1}}},"1":{"name":"(anonymous_2)","decl":{"start":{"line":19,"column":17},"end":{"line":19,"column":22}},"loc":{"start":{"line":19,"column":74},"end":{"line":66,"column":1}}},"2":{"name":"(anonymous_3)","decl":{"start":{"line":83,"column":20},"end":{"line":83,"column":25}},"loc":{"start":{"line":83,"column":77},"end":{"line":100,"column":1}}},"3":{"name":"(anonymous_4)","decl":{"start":{"line":106,"column":16},"end":{"line":106,"column":21}},"loc":{"start":{"line":106,"column":73},"end":{"line":119,"column":1}}},"4":{"name":"(anonymous_5)","decl":{"start":{"line":121,"column":20},"end":{"line":121,"column":25}},"loc":{"start":{"line":121,"column":77},"end":{"line":141,"column":1}}},"5":{"name":"(anonymous_6)","decl":{"start":{"line":144,"column":18},"end":{"line":144,"column":23}},"loc":{"start":{"line":144,"column":70},"end":{"line":189,"column":3}}}},"branchMap":{"0":{"loc":{"start":{"line":22,"column":8},"end":{"line":22,"column":107}},"type":"if","locations":[{"start":{"line":22,"column":8},"end":{"line":22,"column":107}}]},"1":{"loc":{"start":{"line":22,"column":12},"end":{"line":22,"column":51}},"type":"binary-expr","locations":[{"start":{"line":22,"column":12},"end":{"line":22,"column":26}},{"start":{"line":22,"column":30},"end":{"line":22,"column":51}}]},"2":{"loc":{"start":{"line":43,"column":8},"end":{"line":43,"column":102}},"type":"if","locations":[{"start":{"line":43,"column":8},"end":{"line":43,"column":102}}]},"3":{"loc":{"start":{"line":43,"column":12},"end":{"line":43,"column":47}},"type":"binary-expr","locations":[{"start":{"line":43,"column":12},"end":{"line":43,"column":22}},{"start":{"line":43,"column":26},"end":{"line":43,"column":47}}]},"4":{"loc":{"start":{"line":59,"column":8},"end":{"line":59,"column":81}},"type":"if","locations":[{"start":{"line":59,"column":8},"end":{"line":59,"column":81}}]},"5":{"loc":{"start":{"line":86,"column":8},"end":{"line":86,"column":107}},"type":"if","locations":[{"start":{"line":86,"column":8},"end":{"line":86,"column":107}}]},"6":{"loc":{"start":{"line":86,"column":12},"end":{"line":86,"column":51}},"type":"binary-expr","locations":[{"start":{"line":86,"column":12},"end":{"line":86,"column":26}},{"start":{"line":86,"column":30},"end":{"line":86,"column":51}}]},"7":{"loc":{"start":{"line":109,"column":8},"end":{"line":109,"column":82}},"type":"if","locations":[{"start":{"line":109,"column":8},"end":{"line":109,"column":82}}]},"8":{"loc":{"start":{"line":147,"column":6},"end":{"line":147,"column":80}},"type":"if","locations":[{"start":{"line":147,"column":6},"end":{"line":147,"column":80}}]},"9":{"loc":{"start":{"line":166,"column":6},"end":{"line":168,"column":7}},"type":"if","locations":[{"start":{"line":166,"column":6},"end":{"line":168,"column":7}}]}},"s":{"0":1,"1":1,"2":1,"3":1,"4":1,"5":1,"6":1,"7":1,"8":0,"9":0,"10":0,"11":1,"12":1,"13":0,"14":0,"15":0,"16":0,"17":0,"18":0,"19":0,"20":0,"21":0,"22":0,"23":0,"24":0,"25":0,"26":0,"27":0,"28":0,"29":1,"30":0,"31":0,"32":0,"33":0,"34":0,"35":0,"36":0,"37":0,"38":1,"39":0,"40":0,"41":0,"42":0,"43":0,"44":0,"45":0,"46":0,"47":0,"48":1,"49":0,"50":0,"51":0,"52":0,"53":0,"54":0,"55":0,"56":1,"57":0,"58":0,"59":0,"60":0,"61":0,"62":0,"63":0,"64":0,"65":0,"66":0,"67":0,"68":0,"69":0,"70":0,"71":0,"72":1},"f":{"0":0,"1":0,"2":0,"3":0,"4":0,"5":0},"b":{"0":[0],"1":[0,0],"2":[0],"3":[0,0],"4":[0],"5":[0],"6":[0,0],"7":[0],"8":[0],"9":[0]}}
,"/Users/vt/Desktop/codeworks/Senior/thesis/EVAPP/server/controllers/tripController.ts": {"path":"/Users/vt/Desktop/codeworks/Senior/thesis/EVAPP/server/controllers/tripController.ts","statementMap":{"0":{"start":{"line":2,"column":0},"end":{"line":2,"column":23}},"1":{"start":{"line":3,"column":0},"end":{"line":3,"column":28}},"2":{"start":{"line":4,"column":0},"end":{"line":4,"column":36}},"3":{"start":{"line":5,"column":0},"end":{"line":5,"column":72}},"4":{"start":{"line":6,"column":0},"end":{"line":6,"column":34}},"5":{"start":{"line":7,"column":0},"end":{"line":7,"column":34}},"6":{"start":{"line":8,"column":0},"end":{"line":8,"column":45}},"7":{"start":{"line":10,"column":0},"end":{"line":10,"column":66}},"8":{"start":{"line":12,"column":19},"end":{"line":25,"column":1}},"9":{"start":{"line":13,"column":4},"end":{"line":24,"column":5}},"10":{"start":{"line":15,"column":26},"end":{"line":15,"column":49}},"11":{"start":{"line":17,"column":8},"end":{"line":17,"column":88}},"12":{"start":{"line":17,"column":24},"end":{"line":17,"column":88}},"13":{"start":{"line":19,"column":24},"end":{"line":19,"column":72}},"14":{"start":{"line":21,"column":8},"end":{"line":21,"column":109}},"15":{"start":{"line":23,"column":8},"end":{"line":23,"column":72}},"16":{"start":{"line":27,"column":25},"end":{"line":67,"column":1}},"17":{"start":{"line":28,"column":4},"end":{"line":66,"column":5}},"18":{"start":{"line":29,"column":30},"end":{"line":29,"column":53}},"19":{"start":{"line":30,"column":102},"end":{"line":30,"column":111}},"20":{"start":{"line":33,"column":8},"end":{"line":54,"column":9}},"21":{"start":{"line":34,"column":12},"end":{"line":41,"column":14}},"22":{"start":{"line":43,"column":12},"end":{"line":53,"column":14}},"23":{"start":{"line":56,"column":22},"end":{"line":56,"column":45}},"24":{"start":{"line":57,"column":72},"end":{"line":57,"column":74}},"25":{"start":{"line":58,"column":8},"end":{"line":61,"column":9}},"26":{"start":{"line":59,"column":27},"end":{"line":59,"column":72}},"27":{"start":{"line":60,"column":12},"end":{"line":60,"column":47}},"28":{"start":{"line":62,"column":8},"end":{"line":62,"column":null}},"29":{"start":{"line":64,"column":8},"end":{"line":64,"column":29}},"30":{"start":{"line":65,"column":8},"end":{"line":65,"column":72}},"31":{"start":{"line":70,"column":28},"end":{"line":112,"column":1}},"32":{"start":{"line":71,"column":4},"end":{"line":111,"column":5}},"33":{"start":{"line":72,"column":30},"end":{"line":72,"column":53}},"34":{"start":{"line":73,"column":8},"end":{"line":73,"column":130}},"35":{"start":{"line":73,"column":76},"end":{"line":73,"column":130}},"36":{"start":{"line":74,"column":65},"end":{"line":74,"column":78}},"37":{"start":{"line":76,"column":8},"end":{"line":80,"column":10}},"38":{"start":{"line":82,"column":34},"end":{"line":82,"column":54}},"39":{"start":{"line":84,"column":26},"end":{"line":84,"column":69}},"40":{"start":{"line":86,"column":8},"end":{"line":90,"column":null}},"41":{"start":{"line":92,"column":39},"end":{"line":92,"column":71}},"42":{"start":{"line":94,"column":8},"end":{"line":97,"column":10}},"43":{"start":{"line":98,"column":43},"end":{"line":98,"column":92}},"44":{"start":{"line":100,"column":8},"end":{"line":103,"column":10}},"45":{"start":{"line":105,"column":28},"end":{"line":105,"column":63}},"46":{"start":{"line":107,"column":8},"end":{"line":107,"column":96}},"47":{"start":{"line":109,"column":8},"end":{"line":109,"column":49}},"48":{"start":{"line":110,"column":8},"end":{"line":110,"column":82}},"49":{"start":{"line":116,"column":27},"end":{"line":173,"column":1}},"50":{"start":{"line":117,"column":4},"end":{"line":172,"column":5}},"51":{"start":{"line":119,"column":30},"end":{"line":119,"column":53}},"52":{"start":{"line":120,"column":8},"end":{"line":120,"column":130}},"53":{"start":{"line":120,"column":76},"end":{"line":120,"column":130}},"54":{"start":{"line":122,"column":65},"end":{"line":122,"column":78}},"55":{"start":{"line":123,"column":21},"end":{"line":123,"column":56}},"56":{"start":{"line":125,"column":26},"end":{"line":127,"column":null}},"57":{"start":{"line":130,"column":22},"end":{"line":130,"column":53}},"58":{"start":{"line":133,"column":8},"end":{"line":139,"column":10}},"59":{"start":{"line":142,"column":34},"end":{"line":142,"column":54}},"60":{"start":{"line":144,"column":21},"end":{"line":144,"column":64}},"61":{"start":{"line":146,"column":8},"end":{"line":150,"column":null}},"62":{"start":{"line":152,"column":39},"end":{"line":152,"column":67}},"63":{"start":{"line":153,"column":42},"end":{"line":153,"column":73}},"64":{"start":{"line":154,"column":8},"end":{"line":154,"column":null}},"65":{"start":{"line":155,"column":8},"end":{"line":163,"column":10}},"66":{"start":{"line":166,"column":28},"end":{"line":166,"column":63}},"67":{"start":{"line":168,"column":8},"end":{"line":168,"column":96}},"68":{"start":{"line":170,"column":8},"end":{"line":170,"column":61}},"69":{"start":{"line":171,"column":8},"end":{"line":171,"column":94}},"70":{"start":{"line":175,"column":23},"end":{"line":232,"column":1}},"71":{"start":{"line":176,"column":4},"end":{"line":231,"column":5}},"72":{"start":{"line":177,"column":30},"end":{"line":177,"column":53}},"73":{"start":{"line":178,"column":8},"end":{"line":178,"column":130}},"74":{"start":{"line":178,"column":76},"end":{"line":178,"column":130}},"75":{"start":{"line":180,"column":34},"end":{"line":180,"column":47}},"76":{"start":{"line":182,"column":8},"end":{"line":196,"column":null}},"77":{"start":{"line":198,"column":21},"end":{"line":198,"column":56}},"78":{"start":{"line":199,"column":39},"end":{"line":199,"column":80}},"79":{"start":{"line":200,"column":42},"end":{"line":200,"column":86}},"80":{"start":{"line":202,"column":25},"end":{"line":202,"column":51}},"81":{"start":{"line":203,"column":8},"end":{"line":216,"column":10}},"82":{"start":{"line":217,"column":23},"end":{"line":217,"column":68}},"83":{"start":{"line":219,"column":8},"end":{"line":223,"column":null}},"84":{"start":{"line":225,"column":28},"end":{"line":225,"column":63}},"85":{"start":{"line":227,"column":8},"end":{"line":227,"column":96}},"86":{"start":{"line":229,"column":8},"end":{"line":229,"column":57}},"87":{"start":{"line":230,"column":8},"end":{"line":230,"column":90}},"88":{"start":{"line":234,"column":26},"end":{"line":264,"column":1}},"89":{"start":{"line":235,"column":4},"end":{"line":263,"column":5}},"90":{"start":{"line":236,"column":30},"end":{"line":236,"column":53}},"91":{"start":{"line":237,"column":8},"end":{"line":237,"column":130}},"92":{"start":{"line":237,"column":76},"end":{"line":237,"column":130}},"93":{"start":{"line":238,"column":8},"end":{"line":238,"column":null}},"94":{"start":{"line":239,"column":39},"end":{"line":239,"column":52}},"95":{"start":{"line":241,"column":8},"end":{"line":246,"column":null}},"96":{"start":{"line":257,"column":28},"end":{"line":257,"column":63}},"97":{"start":{"line":259,"column":8},"end":{"line":259,"column":96}},"98":{"start":{"line":261,"column":8},"end":{"line":261,"column":60}},"99":{"start":{"line":262,"column":8},"end":{"line":262,"column":93}},"100":{"start":{"line":266,"column":0},"end":{"line":273,"column":null}}},"fnMap":{"0":{"name":"(anonymous_1)","decl":{"start":{"line":12,"column":19},"end":{"line":12,"column":24}},"loc":{"start":{"line":12,"column":76},"end":{"line":25,"column":1}}},"1":{"name":"(anonymous_2)","decl":{"start":{"line":27,"column":25},"end":{"line":27,"column":30}},"loc":{"start":{"line":27,"column":82},"end":{"line":67,"column":1}}},"2":{"name":"(anonymous_3)","decl":{"start":{"line":70,"column":28},"end":{"line":70,"column":33}},"loc":{"start":{"line":70,"column":85},"end":{"line":112,"column":1}}},"3":{"name":"(anonymous_4)","decl":{"start":{"line":116,"column":27},"end":{"line":116,"column":32}},"loc":{"start":{"line":116,"column":84},"end":{"line":173,"column":1}}},"4":{"name":"(anonymous_5)","decl":{"start":{"line":175,"column":23},"end":{"line":175,"column":28}},"loc":{"start":{"line":175,"column":80},"end":{"line":232,"column":1}}},"5":{"name":"(anonymous_6)","decl":{"start":{"line":234,"column":26},"end":{"line":234,"column":31}},"loc":{"start":{"line":234,"column":83},"end":{"line":264,"column":1}}}},"branchMap":{"0":{"loc":{"start":{"line":17,"column":8},"end":{"line":17,"column":88}},"type":"if","locations":[{"start":{"line":17,"column":8},"end":{"line":17,"column":88}}]},"1":{"loc":{"start":{"line":33,"column":8},"end":{"line":54,"column":9}},"type":"if","locations":[{"start":{"line":33,"column":8},"end":{"line":54,"column":9}},{"start":{"line":42,"column":15},"end":{"line":54,"column":9}}]},"2":{"loc":{"start":{"line":33,"column":12},"end":{"line":33,"column":51}},"type":"binary-expr","locations":[{"start":{"line":33,"column":12},"end":{"line":33,"column":31}},{"start":{"line":33,"column":35},"end":{"line":33,"column":51}}]},"3":{"loc":{"start":{"line":73,"column":8},"end":{"line":73,"column":130}},"type":"if","locations":[{"start":{"line":73,"column":8},"end":{"line":73,"column":130}}]},"4":{"loc":{"start":{"line":73,"column":12},"end":{"line":73,"column":74}},"type":"binary-expr","locations":[{"start":{"line":73,"column":12},"end":{"line":73,"column":26}},{"start":{"line":73,"column":30},"end":{"line":73,"column":51}},{"start":{"line":73,"column":55},"end":{"line":73,"column":74}}]},"5":{"loc":{"start":{"line":86,"column":8},"end":{"line":89,"column":null}},"type":"binary-expr","locations":[{"start":{"line":86,"column":8},"end":{"line":86,"column":31}},{"start":{"line":86,"column":35},"end":{"line":89,"column":null}}]},"6":{"loc":{"start":{"line":120,"column":8},"end":{"line":120,"column":130}},"type":"if","locations":[{"start":{"line":120,"column":8},"end":{"line":120,"column":130}}]},"7":{"loc":{"start":{"line":120,"column":12},"end":{"line":120,"column":74}},"type":"binary-expr","locations":[{"start":{"line":120,"column":12},"end":{"line":120,"column":26}},{"start":{"line":120,"column":30},"end":{"line":120,"column":51}},{"start":{"line":120,"column":55},"end":{"line":120,"column":74}}]},"8":{"loc":{"start":{"line":146,"column":8},"end":{"line":149,"column":null}},"type":"binary-expr","locations":[{"start":{"line":146,"column":8},"end":{"line":146,"column":26}},{"start":{"line":146,"column":30},"end":{"line":149,"column":null}}]},"9":{"loc":{"start":{"line":178,"column":8},"end":{"line":178,"column":130}},"type":"if","locations":[{"start":{"line":178,"column":8},"end":{"line":178,"column":130}}]},"10":{"loc":{"start":{"line":178,"column":12},"end":{"line":178,"column":74}},"type":"binary-expr","locations":[{"start":{"line":178,"column":12},"end":{"line":178,"column":26}},{"start":{"line":178,"column":30},"end":{"line":178,"column":51}},{"start":{"line":178,"column":55},"end":{"line":178,"column":74}}]},"11":{"loc":{"start":{"line":219,"column":8},"end":{"line":222,"column":null}},"type":"binary-expr","locations":[{"start":{"line":219,"column":8},"end":{"line":219,"column":28}},{"start":{"line":219,"column":32},"end":{"line":222,"column":null}}]},"12":{"loc":{"start":{"line":237,"column":8},"end":{"line":237,"column":130}},"type":"if","locations":[{"start":{"line":237,"column":8},"end":{"line":237,"column":130}}]},"13":{"loc":{"start":{"line":237,"column":12},"end":{"line":237,"column":74}},"type":"binary-expr","locations":[{"start":{"line":237,"column":12},"end":{"line":237,"column":26}},{"start":{"line":237,"column":30},"end":{"line":237,"column":51}},{"start":{"line":237,"column":55},"end":{"line":237,"column":74}}]}},"s":{"0":1,"1":1,"2":1,"3":1,"4":1,"5":1,"6":1,"7":1,"8":1,"9":3,"10":3,"11":3,"12":1,"13":2,"14":2,"15":1,"16":1,"17":2,"18":2,"19":2,"20":2,"21":2,"22":0,"23":2,"24":2,"25":2,"26":1,"27":1,"28":1,"29":1,"30":1,"31":1,"32":3,"33":3,"34":3,"35":1,"36":2,"37":2,"38":1,"39":1,"40":1,"41":1,"42":1,"43":1,"44":1,"45":1,"46":1,"47":1,"48":1,"49":1,"50":3,"51":3,"52":3,"53":1,"54":2,"55":2,"56":2,"57":2,"58":2,"59":1,"60":1,"61":1,"62":1,"63":1,"64":1,"65":1,"66":1,"67":1,"68":1,"69":1,"70":1,"71":3,"72":3,"73":3,"74":1,"75":2,"76":2,"77":1,"78":1,"79":1,"80":1,"81":1,"82":1,"83":1,"84":1,"85":1,"86":1,"87":1,"88":1,"89":3,"90":3,"91":3,"92":1,"93":2,"94":2,"95":2,"96":1,"97":1,"98":1,"99":1,"100":1},"f":{"0":3,"1":2,"2":3,"3":3,"4":3,"5":3},"b":{"0":[1],"1":[2,0],"2":[2,2],"3":[1],"4":[3,2,2],"5":[1,0],"6":[1],"7":[3,2,2],"8":[1,0],"9":[1],"10":[3,2,2],"11":[1,0],"12":[1],"13":[3,2,2]}}
,"/Users/vt/Desktop/codeworks/Senior/thesis/EVAPP/server/controllers/userController.ts": {"path":"/Users/vt/Desktop/codeworks/Senior/thesis/EVAPP/server/controllers/userController.ts","statementMap":{"0":{"start":{"line":1,"column":0},"end":{"line":1,"column":28}},"1":{"start":{"line":2,"column":0},"end":{"line":2,"column":28}},"2":{"start":{"line":4,"column":0},"end":{"line":4,"column":31}},"3":{"start":{"line":5,"column":0},"end":{"line":5,"column":24}},"4":{"start":{"line":6,"column":0},"end":{"line":6,"column":36}},"5":{"start":{"line":7,"column":0},"end":{"line":7,"column":34}},"6":{"start":{"line":8,"column":0},"end":{"line":8,"column":34}},"7":{"start":{"line":9,"column":0},"end":{"line":9,"column":72}},"8":{"start":{"line":11,"column":0},"end":{"line":11,"column":66}},"9":{"start":{"line":13,"column":19},"end":{"line":13,"column":42}},"10":{"start":{"line":14,"column":21},"end":{"line":59,"column":1}},"11":{"start":{"line":15,"column":4},"end":{"line":58,"column":5}},"12":{"start":{"line":16,"column":80},"end":{"line":16,"column":88}},"13":{"start":{"line":17,"column":8},"end":{"line":17,"column":135}},"14":{"start":{"line":17,"column":58},"end":{"line":17,"column":135}},"15":{"start":{"line":19,"column":21},"end":{"line":19,"column":50}},"16":{"start":{"line":20,"column":8},"end":{"line":20,"column":100}},"17":{"start":{"line":20,"column":18},"end":{"line":20,"column":100}},"18":{"start":{"line":21,"column":23},"end":{"line":21,"column":31}},"19":{"start":{"line":22,"column":8},"end":{"line":49,"column":11}},"20":{"start":{"line":52,"column":22},"end":{"line":52,"column":54}},"21":{"start":{"line":53,"column":8},"end":{"line":53,"column":47}},"22":{"start":{"line":56,"column":8},"end":{"line":56,"column":29}},"23":{"start":{"line":57,"column":8},"end":{"line":57,"column":72}},"24":{"start":{"line":61,"column":18},"end":{"line":75,"column":1}},"25":{"start":{"line":62,"column":4},"end":{"line":74,"column":5}},"26":{"start":{"line":65,"column":23},"end":{"line":65,"column":63}},"27":{"start":{"line":68,"column":95},"end":{"line":68,"column":112}},"28":{"start":{"line":70,"column":8},"end":{"line":70,"column":30}},"29":{"start":{"line":72,"column":8},"end":{"line":72,"column":29}},"30":{"start":{"line":78,"column":16},"end":{"line":94,"column":1}},"31":{"start":{"line":79,"column":4},"end":{"line":93,"column":5}},"32":{"start":{"line":80,"column":30},"end":{"line":80,"column":53}},"33":{"start":{"line":81,"column":8},"end":{"line":81,"column":130}},"34":{"start":{"line":81,"column":76},"end":{"line":81,"column":130}},"35":{"start":{"line":83,"column":25},"end":{"line":83,"column":38}},"36":{"start":{"line":84,"column":8},"end":{"line":84,"column":26}},"37":{"start":{"line":86,"column":56},"end":{"line":86,"column":71}},"38":{"start":{"line":89,"column":8},"end":{"line":89,"column":50}},"39":{"start":{"line":91,"column":8},"end":{"line":91,"column":50}},"40":{"start":{"line":92,"column":8},"end":{"line":92,"column":83}},"41":{"start":{"line":96,"column":15},"end":{"line":117,"column":1}},"42":{"start":{"line":97,"column":4},"end":{"line":116,"column":5}},"43":{"start":{"line":98,"column":30},"end":{"line":98,"column":53}},"44":{"start":{"line":99,"column":8},"end":{"line":99,"column":130}},"45":{"start":{"line":99,"column":76},"end":{"line":99,"column":130}},"46":{"start":{"line":101,"column":8},"end":{"line":108,"column":10}},"47":{"start":{"line":110,"column":28},"end":{"line":110,"column":80}},"48":{"start":{"line":112,"column":8},"end":{"line":112,"column":127}},"49":{"start":{"line":114,"column":8},"end":{"line":114,"column":49}},"50":{"start":{"line":115,"column":8},"end":{"line":115,"column":82}},"51":{"start":{"line":120,"column":25},"end":{"line":139,"column":1}},"52":{"start":{"line":121,"column":4},"end":{"line":138,"column":5}},"53":{"start":{"line":122,"column":30},"end":{"line":122,"column":53}},"54":{"start":{"line":123,"column":8},"end":{"line":123,"column":130}},"55":{"start":{"line":123,"column":76},"end":{"line":123,"column":130}},"56":{"start":{"line":125,"column":8},"end":{"line":132,"column":10}},"57":{"start":{"line":134,"column":8},"end":{"line":134,"column":86}},"58":{"start":{"line":136,"column":8},"end":{"line":136,"column":49}},"59":{"start":{"line":137,"column":8},"end":{"line":137,"column":82}},"60":{"start":{"line":141,"column":18},"end":{"line":160,"column":1}},"61":{"start":{"line":143,"column":4},"end":{"line":159,"column":5}},"62":{"start":{"line":144,"column":36},"end":{"line":144,"column":44}},"63":{"start":{"line":145,"column":8},"end":{"line":145,"column":null}},"64":{"start":{"line":145,"column":33},"end":{"line":145,"column":null}},"65":{"start":{"line":147,"column":21},"end":{"line":147,"column":50}},"66":{"start":{"line":148,"column":8},"end":{"line":148,"column":82}},"67":{"start":{"line":148,"column":19},"end":{"line":148,"column":82}},"68":{"start":{"line":150,"column":30},"end":{"line":150,"column":75}},"69":{"start":{"line":151,"column":8},"end":{"line":151,"column":89}},"70":{"start":{"line":151,"column":28},"end":{"line":151,"column":89}},"71":{"start":{"line":153,"column":22},"end":{"line":153,"column":67}},"72":{"start":{"line":154,"column":8},"end":{"line":154,"column":47}},"73":{"start":{"line":157,"column":8},"end":{"line":157,"column":29}},"74":{"start":{"line":158,"column":8},"end":{"line":158,"column":72}},"75":{"start":{"line":162,"column":28},"end":{"line":184,"column":1}},"76":{"start":{"line":163,"column":4},"end":{"line":183,"column":5}},"77":{"start":{"line":164,"column":30},"end":{"line":164,"column":53}},"78":{"start":{"line":165,"column":8},"end":{"line":165,"column":130}},"79":{"start":{"line":165,"column":76},"end":{"line":165,"column":130}},"80":{"start":{"line":166,"column":31},"end":{"line":166,"column":75}},"81":{"start":{"line":167,"column":27},"end":{"line":167,"column":50}},"82":{"start":{"line":169,"column":8},"end":{"line":176,"column":10}},"83":{"start":{"line":177,"column":28},"end":{"line":177,"column":80}},"84":{"start":{"line":179,"column":8},"end":{"line":179,"column":108}},"85":{"start":{"line":181,"column":8},"end":{"line":181,"column":62}},"86":{"start":{"line":182,"column":8},"end":{"line":182,"column":95}},"87":{"start":{"line":186,"column":25},"end":{"line":208,"column":1}},"88":{"start":{"line":187,"column":4},"end":{"line":207,"column":5}},"89":{"start":{"line":188,"column":30},"end":{"line":188,"column":53}},"90":{"start":{"line":189,"column":8},"end":{"line":189,"column":130}},"91":{"start":{"line":189,"column":76},"end":{"line":189,"column":130}},"92":{"start":{"line":190,"column":31},"end":{"line":190,"column":72}},"93":{"start":{"line":191,"column":27},"end":{"line":191,"column":50}},"94":{"start":{"line":192,"column":8},"end":{"line":199,"column":10}},"95":{"start":{"line":201,"column":28},"end":{"line":201,"column":80}},"96":{"start":{"line":203,"column":8},"end":{"line":203,"column":106}},"97":{"start":{"line":205,"column":8},"end":{"line":205,"column":59}},"98":{"start":{"line":206,"column":8},"end":{"line":206,"column":92}},"99":{"start":{"line":210,"column":27},"end":{"line":232,"column":1}},"100":{"start":{"line":211,"column":4},"end":{"line":231,"column":5}},"101":{"start":{"line":212,"column":30},"end":{"line":212,"column":53}},"102":{"start":{"line":213,"column":8},"end":{"line":213,"column":130}},"103":{"start":{"line":213,"column":76},"end":{"line":213,"column":130}},"104":{"start":{"line":214,"column":31},"end":{"line":214,"column":80}},"105":{"start":{"line":215,"column":27},"end":{"line":215,"column":50}},"106":{"start":{"line":216,"column":8},"end":{"line":223,"column":10}},"107":{"start":{"line":225,"column":28},"end":{"line":225,"column":80}},"108":{"start":{"line":227,"column":8},"end":{"line":227,"column":114}},"109":{"start":{"line":229,"column":8},"end":{"line":229,"column":67}},"110":{"start":{"line":230,"column":8},"end":{"line":230,"column":100}},"111":{"start":{"line":235,"column":19},"end":{"line":257,"column":1}},"112":{"start":{"line":236,"column":4},"end":{"line":256,"column":5}},"113":{"start":{"line":237,"column":30},"end":{"line":237,"column":53}},"114":{"start":{"line":238,"column":8},"end":{"line":238,"column":130}},"115":{"start":{"line":238,"column":76},"end":{"line":238,"column":130}},"116":{"start":{"line":240,"column":25},"end":{"line":240,"column":38}},"117":{"start":{"line":242,"column":28},"end":{"line":242,"column":84}},"118":{"start":{"line":243,"column":31},"end":{"line":243,"column":90}},"119":{"start":{"line":244,"column":22},"end":{"line":244,"column":57}},"120":{"start":{"line":246,"column":33},"end":{"line":249,"column":11}},"121":{"start":{"line":247,"column":27},"end":{"line":247,"column":57}},"122":{"start":{"line":248,"column":12},"end":{"line":248,"column":36}},"123":{"start":{"line":252,"column":8},"end":{"line":252,"column":64}},"124":{"start":{"line":254,"column":8},"end":{"line":254,"column":53}},"125":{"start":{"line":255,"column":8},"end":{"line":255,"column":86}},"126":{"start":{"line":261,"column":4},"end":{"line":293,"column":5}},"127":{"start":{"line":263,"column":30},"end":{"line":263,"column":53}},"128":{"start":{"line":264,"column":8},"end":{"line":264,"column":130}},"129":{"start":{"line":264,"column":76},"end":{"line":264,"column":130}},"130":{"start":{"line":266,"column":56},"end":{"line":266,"column":64}},"131":{"start":{"line":269,"column":8},"end":{"line":272,"column":9}},"132":{"start":{"line":270,"column":12},"end":{"line":270,"column":103}},"133":{"start":{"line":271,"column":12},"end":{"line":271,"column":83}},"134":{"start":{"line":275,"column":8},"end":{"line":277,"column":9}},"135":{"start":{"line":276,"column":12},"end":{"line":276,"column":97}},"136":{"start":{"line":278,"column":25},"end":{"line":278,"column":38}},"137":{"start":{"line":280,"column":30},"end":{"line":280,"column":82}},"138":{"start":{"line":281,"column":8},"end":{"line":283,"column":9}},"139":{"start":{"line":282,"column":12},"end":{"line":282,"column":84}},"140":{"start":{"line":285,"column":31},"end":{"line":285,"column":65}},"141":{"start":{"line":286,"column":8},"end":{"line":286,"column":94}},"142":{"start":{"line":287,"column":8},"end":{"line":287,"column":82}},"143":{"start":{"line":291,"column":8},"end":{"line":291,"column":56}},"144":{"start":{"line":292,"column":8},"end":{"line":292,"column":89}},"145":{"start":{"line":296,"column":31},"end":{"line":325,"column":1}},"146":{"start":{"line":297,"column":4},"end":{"line":324,"column":5}},"147":{"start":{"line":299,"column":30},"end":{"line":299,"column":53}},"148":{"start":{"line":300,"column":8},"end":{"line":300,"column":130}},"149":{"start":{"line":300,"column":76},"end":{"line":300,"column":130}},"150":{"start":{"line":303,"column":38},"end":{"line":303,"column":87}},"151":{"start":{"line":304,"column":33},"end":{"line":304,"column":77}},"152":{"start":{"line":306,"column":33},"end":{"line":306,"column":46}},"153":{"start":{"line":308,"column":8},"end":{"line":316,"column":10}},"154":{"start":{"line":318,"column":28},"end":{"line":318,"column":80}},"155":{"start":{"line":320,"column":8},"end":{"line":320,"column":122}},"156":{"start":{"line":322,"column":8},"end":{"line":322,"column":65}},"157":{"start":{"line":323,"column":8},"end":{"line":323,"column":98}},"158":{"start":{"line":327,"column":21},"end":{"line":365,"column":1}},"159":{"start":{"line":328,"column":4},"end":{"line":364,"column":5}},"160":{"start":{"line":330,"column":30},"end":{"line":330,"column":53}},"161":{"start":{"line":331,"column":8},"end":{"line":331,"column":130}},"162":{"start":{"line":331,"column":76},"end":{"line":331,"column":130}},"163":{"start":{"line":334,"column":45},"end":{"line":334,"column":58}},"164":{"start":{"line":336,"column":23},"end":{"line":336,"column":63}},"165":{"start":{"line":338,"column":36},"end":{"line":338,"column":76}},"166":{"start":{"line":339,"column":35},"end":{"line":339,"column":74}},"167":{"start":{"line":342,"column":8},"end":{"line":350,"column":10}},"168":{"start":{"line":353,"column":8},"end":{"line":358,"column":10}},"169":{"start":{"line":360,"column":8},"end":{"line":360,"column":74}},"170":{"start":{"line":362,"column":8},"end":{"line":362,"column":55}},"171":{"start":{"line":363,"column":8},"end":{"line":363,"column":88}},"172":{"start":{"line":368,"column":0},"end":{"line":382,"column":null}}},"fnMap":{"0":{"name":"(anonymous_1)","decl":{"start":{"line":14,"column":21},"end":{"line":14,"column":26}},"loc":{"start":{"line":14,"column":78},"end":{"line":59,"column":1}}},"1":{"name":"(anonymous_2)","decl":{"start":{"line":61,"column":18},"end":{"line":61,"column":23}},"loc":{"start":{"line":61,"column":45},"end":{"line":75,"column":1}}},"2":{"name":"(anonymous_3)","decl":{"start":{"line":78,"column":16},"end":{"line":78,"column":21}},"loc":{"start":{"line":78,"column":73},"end":{"line":94,"column":1}}},"3":{"name":"(anonymous_4)","decl":{"start":{"line":96,"column":15},"end":{"line":96,"column":20}},"loc":{"start":{"line":96,"column":72},"end":{"line":117,"column":1}}},"4":{"name":"(anonymous_5)","decl":{"start":{"line":120,"column":25},"end":{"line":120,"column":30}},"loc":{"start":{"line":120,"column":82},"end":{"line":139,"column":1}}},"5":{"name":"(anonymous_6)","decl":{"start":{"line":141,"column":18},"end":{"line":141,"column":23}},"loc":{"start":{"line":141,"column":75},"end":{"line":160,"column":1}}},"6":{"name":"(anonymous_7)","decl":{"start":{"line":162,"column":28},"end":{"line":162,"column":33}},"loc":{"start":{"line":162,"column":85},"end":{"line":184,"column":1}}},"7":{"name":"(anonymous_8)","decl":{"start":{"line":186,"column":25},"end":{"line":186,"column":30}},"loc":{"start":{"line":186,"column":82},"end":{"line":208,"column":1}}},"8":{"name":"(anonymous_9)","decl":{"start":{"line":210,"column":27},"end":{"line":210,"column":32}},"loc":{"start":{"line":210,"column":84},"end":{"line":232,"column":1}}},"9":{"name":"(anonymous_10)","decl":{"start":{"line":235,"column":19},"end":{"line":235,"column":24}},"loc":{"start":{"line":235,"column":76},"end":{"line":257,"column":1}}},"10":{"name":"(anonymous_11)","decl":{"start":{"line":246,"column":61},"end":{"line":246,"column":66}},"loc":{"start":{"line":246,"column":76},"end":{"line":249,"column":9}}},"11":{"name":"putUpdateAccount","decl":{"start":{"line":260,"column":15},"end":{"line":260,"column":31}},"loc":{"start":{"line":260,"column":59},"end":{"line":294,"column":1}}},"12":{"name":"(anonymous_13)","decl":{"start":{"line":296,"column":31},"end":{"line":296,"column":36}},"loc":{"start":{"line":296,"column":88},"end":{"line":325,"column":1}}},"13":{"name":"(anonymous_14)","decl":{"start":{"line":327,"column":21},"end":{"line":327,"column":26}},"loc":{"start":{"line":327,"column":78},"end":{"line":365,"column":1}}}},"branchMap":{"0":{"loc":{"start":{"line":17,"column":8},"end":{"line":17,"column":135}},"type":"if","locations":[{"start":{"line":17,"column":8},"end":{"line":17,"column":135}}]},"1":{"loc":{"start":{"line":17,"column":12},"end":{"line":17,"column":56}},"type":"binary-expr","locations":[{"start":{"line":17,"column":12},"end":{"line":17,"column":17}},{"start":{"line":17,"column":21},"end":{"line":17,"column":27}},{"start":{"line":17,"column":31},"end":{"line":17,"column":43}},{"start":{"line":17,"column":47},"end":{"line":17,"column":56}}]},"2":{"loc":{"start":{"line":20,"column":8},"end":{"line":20,"column":100}},"type":"if","locations":[{"start":{"line":20,"column":8},"end":{"line":20,"column":100}}]},"3":{"loc":{"start":{"line":81,"column":8},"end":{"line":81,"column":130}},"type":"if","locations":[{"start":{"line":81,"column":8},"end":{"line":81,"column":130}}]},"4":{"loc":{"start":{"line":81,"column":12},"end":{"line":81,"column":74}},"type":"binary-expr","locations":[{"start":{"line":81,"column":12},"end":{"line":81,"column":26}},{"start":{"line":81,"column":30},"end":{"line":81,"column":51}},{"start":{"line":81,"column":55},"end":{"line":81,"column":74}}]},"5":{"loc":{"start":{"line":99,"column":8},"end":{"line":99,"column":130}},"type":"if","locations":[{"start":{"line":99,"column":8},"end":{"line":99,"column":130}}]},"6":{"loc":{"start":{"line":99,"column":12},"end":{"line":99,"column":74}},"type":"binary-expr","locations":[{"start":{"line":99,"column":12},"end":{"line":99,"column":26}},{"start":{"line":99,"column":30},"end":{"line":99,"column":51}},{"start":{"line":99,"column":55},"end":{"line":99,"column":74}}]},"7":{"loc":{"start":{"line":123,"column":8},"end":{"line":123,"column":130}},"type":"if","locations":[{"start":{"line":123,"column":8},"end":{"line":123,"column":130}}]},"8":{"loc":{"start":{"line":123,"column":12},"end":{"line":123,"column":74}},"type":"binary-expr","locations":[{"start":{"line":123,"column":12},"end":{"line":123,"column":26}},{"start":{"line":123,"column":30},"end":{"line":123,"column":51}},{"start":{"line":123,"column":55},"end":{"line":123,"column":74}}]},"9":{"loc":{"start":{"line":145,"column":8},"end":{"line":145,"column":null}},"type":"if","locations":[{"start":{"line":145,"column":8},"end":{"line":145,"column":null}}]},"10":{"loc":{"start":{"line":145,"column":12},"end":{"line":145,"column":31}},"type":"binary-expr","locations":[{"start":{"line":145,"column":12},"end":{"line":145,"column":18}},{"start":{"line":145,"column":22},"end":{"line":145,"column":31}}]},"11":{"loc":{"start":{"line":148,"column":8},"end":{"line":148,"column":82}},"type":"if","locations":[{"start":{"line":148,"column":8},"end":{"line":148,"column":82}}]},"12":{"loc":{"start":{"line":151,"column":8},"end":{"line":151,"column":89}},"type":"if","locations":[{"start":{"line":151,"column":8},"end":{"line":151,"column":89}}]},"13":{"loc":{"start":{"line":165,"column":8},"end":{"line":165,"column":130}},"type":"if","locations":[{"start":{"line":165,"column":8},"end":{"line":165,"column":130}}]},"14":{"loc":{"start":{"line":165,"column":12},"end":{"line":165,"column":74}},"type":"binary-expr","locations":[{"start":{"line":165,"column":12},"end":{"line":165,"column":26}},{"start":{"line":165,"column":30},"end":{"line":165,"column":51}},{"start":{"line":165,"column":55},"end":{"line":165,"column":74}}]},"15":{"loc":{"start":{"line":189,"column":8},"end":{"line":189,"column":130}},"type":"if","locations":[{"start":{"line":189,"column":8},"end":{"line":189,"column":130}}]},"16":{"loc":{"start":{"line":189,"column":12},"end":{"line":189,"column":74}},"type":"binary-expr","locations":[{"start":{"line":189,"column":12},"end":{"line":189,"column":26}},{"start":{"line":189,"column":30},"end":{"line":189,"column":51}},{"start":{"line":189,"column":55},"end":{"line":189,"column":74}}]},"17":{"loc":{"start":{"line":213,"column":8},"end":{"line":213,"column":130}},"type":"if","locations":[{"start":{"line":213,"column":8},"end":{"line":213,"column":130}}]},"18":{"loc":{"start":{"line":213,"column":12},"end":{"line":213,"column":74}},"type":"binary-expr","locations":[{"start":{"line":213,"column":12},"end":{"line":213,"column":26}},{"start":{"line":213,"column":30},"end":{"line":213,"column":51}},{"start":{"line":213,"column":55},"end":{"line":213,"column":74}}]},"19":{"loc":{"start":{"line":238,"column":8},"end":{"line":238,"column":130}},"type":"if","locations":[{"start":{"line":238,"column":8},"end":{"line":238,"column":130}}]},"20":{"loc":{"start":{"line":238,"column":12},"end":{"line":238,"column":74}},"type":"binary-expr","locations":[{"start":{"line":238,"column":12},"end":{"line":238,"column":26}},{"start":{"line":238,"column":30},"end":{"line":238,"column":51}},{"start":{"line":238,"column":55},"end":{"line":238,"column":74}}]},"21":{"loc":{"start":{"line":264,"column":8},"end":{"line":264,"column":130}},"type":"if","locations":[{"start":{"line":264,"column":8},"end":{"line":264,"column":130}}]},"22":{"loc":{"start":{"line":264,"column":12},"end":{"line":264,"column":74}},"type":"binary-expr","locations":[{"start":{"line":264,"column":12},"end":{"line":264,"column":26}},{"start":{"line":264,"column":30},"end":{"line":264,"column":51}},{"start":{"line":264,"column":55},"end":{"line":264,"column":74}}]},"23":{"loc":{"start":{"line":269,"column":8},"end":{"line":272,"column":9}},"type":"if","locations":[{"start":{"line":269,"column":8},"end":{"line":272,"column":9}}]},"24":{"loc":{"start":{"line":275,"column":8},"end":{"line":277,"column":9}},"type":"if","locations":[{"start":{"line":275,"column":8},"end":{"line":277,"column":9}}]},"25":{"loc":{"start":{"line":275,"column":12},"end":{"line":275,"column":44}},"type":"binary-expr","locations":[{"start":{"line":275,"column":12},"end":{"line":275,"column":28}},{"start":{"line":275,"column":32},"end":{"line":275,"column":44}}]},"26":{"loc":{"start":{"line":281,"column":8},"end":{"line":283,"column":9}},"type":"if","locations":[{"start":{"line":281,"column":8},"end":{"line":283,"column":9}}]},"27":{"loc":{"start":{"line":300,"column":8},"end":{"line":300,"column":130}},"type":"if","locations":[{"start":{"line":300,"column":8},"end":{"line":300,"column":130}}]},"28":{"loc":{"start":{"line":300,"column":12},"end":{"line":300,"column":74}},"type":"binary-expr","locations":[{"start":{"line":300,"column":12},"end":{"line":300,"column":26}},{"start":{"line":300,"column":30},"end":{"line":300,"column":51}},{"start":{"line":300,"column":55},"end":{"line":300,"column":74}}]},"29":{"loc":{"start":{"line":331,"column":8},"end":{"line":331,"column":130}},"type":"if","locations":[{"start":{"line":331,"column":8},"end":{"line":331,"column":130}}]},"30":{"loc":{"start":{"line":331,"column":12},"end":{"line":331,"column":74}},"type":"binary-expr","locations":[{"start":{"line":331,"column":12},"end":{"line":331,"column":26}},{"start":{"line":331,"column":30},"end":{"line":331,"column":51}},{"start":{"line":331,"column":55},"end":{"line":331,"column":74}}]}},"s":{"0":1,"1":1,"2":1,"3":1,"4":1,"5":1,"6":1,"7":1,"8":1,"9":1,"10":1,"11":2,"12":2,"13":2,"14":0,"15":2,"16":2,"17":1,"18":1,"19":1,"20":1,"21":1,"22":0,"23":0,"24":1,"25":5,"26":5,"27":5,"28":0,"29":5,"30":1,"31":1,"32":1,"33":1,"34":1,"35":0,"36":0,"37":0,"38":0,"39":0,"40":0,"41":1,"42":3,"43":3,"44":3,"45":1,"46":2,"47":1,"48":1,"49":1,"50":1,"51":1,"52":3,"53":3,"54":3,"55":1,"56":2,"57":1,"58":1,"59":1,"60":1,"61":4,"62":4,"63":4,"64":1,"65":3,"66":3,"67":1,"68":2,"69":2,"70":1,"71":1,"72":1,"73":0,"74":0,"75":1,"76":3,"77":3,"78":3,"79":1,"80":2,"81":2,"82":2,"83":1,"84":1,"85":1,"86":1,"87":1,"88":3,"89":3,"90":3,"91":1,"92":2,"93":2,"94":2,"95":1,"96":1,"97":1,"98":1,"99":1,"100":3,"101":3,"102":3,"103":1,"104":2,"105":2,"106":2,"107":1,"108":1,"109":1,"110":1,"111":1,"112":3,"113":3,"114":3,"115":1,"116":2,"117":2,"118":1,"119":1,"120":1,"121":4,"122":4,"123":1,"124":1,"125":1,"126":4,"127":4,"128":4,"129":0,"130":4,"131":4,"132":1,"133":1,"134":3,"135":1,"136":2,"137":2,"138":2,"139":1,"140":1,"141":1,"142":1,"143":0,"144":0,"145":1,"146":3,"147":3,"148":3,"149":1,"150":2,"151":2,"152":2,"153":2,"154":1,"155":1,"156":1,"157":1,"158":1,"159":3,"160":3,"161":3,"162":1,"163":2,"164":2,"165":1,"166":1,"167":1,"168":1,"169":1,"170":1,"171":1,"172":1},"f":{"0":2,"1":5,"2":1,"3":3,"4":3,"5":4,"6":3,"7":3,"8":3,"9":3,"10":4,"11":4,"12":3,"13":3},"b":{"0":[0],"1":[2,2,2,2],"2":[1],"3":[1],"4":[1,0,0],"5":[1],"6":[3,2,2],"7":[1],"8":[3,2,2],"9":[1],"10":[4,3],"11":[1],"12":[1],"13":[1],"14":[3,2,2],"15":[1],"16":[3,2,2],"17":[1],"18":[3,2,2],"19":[1],"20":[3,2,2],"21":[0],"22":[4,4,4],"23":[1],"24":[1],"25":[3,2],"26":[1],"27":[1],"28":[3,2,2],"29":[1],"30":[3,2,2]}}
,"/Users/vt/Desktop/codeworks/Senior/thesis/EVAPP/server/models/Trip.ts": {"path":"/Users/vt/Desktop/codeworks/Senior/thesis/EVAPP/server/models/Trip.ts","statementMap":{"0":{"start":{"line":1,"column":0},"end":{"line":1,"column":34}},"1":{"start":{"line":2,"column":17},"end":{"line":2,"column":36}},"2":{"start":{"line":4,"column":19},"end":{"line":138,"column":2}},"3":{"start":{"line":140,"column":13},"end":{"line":140,"column":48}},"4":{"start":{"line":142,"column":0},"end":{"line":142,"column":20}}},"fnMap":{},"branchMap":{},"s":{"0":1,"1":1,"2":1,"3":1,"4":1},"f":{},"b":{}}
,"/Users/vt/Desktop/codeworks/Senior/thesis/EVAPP/server/models/User.ts": {"path":"/Users/vt/Desktop/codeworks/Senior/thesis/EVAPP/server/models/User.ts","statementMap":{"0":{"start":{"line":1,"column":0},"end":{"line":1,"column":34}},"1":{"start":{"line":2,"column":17},"end":{"line":2,"column":36}},"2":{"start":{"line":4,"column":19},"end":{"line":89,"column":2}},"3":{"start":{"line":91,"column":13},"end":{"line":91,"column":47}},"4":{"start":{"line":93,"column":0},"end":{"line":93,"column":20}}},"fnMap":{},"branchMap":{},"s":{"0":2,"1":2,"2":2,"3":2,"4":2},"f":{},"b":{}}
,"/Users/vt/Desktop/codeworks/Senior/thesis/EVAPP/server/routers/router.ts": {"path":"/Users/vt/Desktop/codeworks/Senior/thesis/EVAPP/server/routers/router.ts","statementMap":{"0":{"start":{"line":1,"column":0},"end":{"line":1,"column":33}},"1":{"start":{"line":2,"column":0},"end":{"line":2,"column":59}},"2":{"start":{"line":3,"column":0},"end":{"line":3,"column":59}},"3":{"start":{"line":4,"column":0},"end":{"line":4,"column":59}},"4":{"start":{"line":5,"column":15},"end":{"line":5,"column":23}},"5":{"start":{"line":8,"column":16},"end":{"line":8,"column":71}},"6":{"start":{"line":10,"column":16},"end":{"line":10,"column":70}},"7":{"start":{"line":11,"column":16},"end":{"line":11,"column":76}},"8":{"start":{"line":12,"column":16},"end":{"line":12,"column":79}},"9":{"start":{"line":15,"column":0},"end":{"line":15,"column":70}},"10":{"start":{"line":16,"column":0},"end":{"line":16,"column":68}},"11":{"start":{"line":19,"column":16},"end":{"line":19,"column":83}},"12":{"start":{"line":20,"column":16},"end":{"line":20,"column":77}},"13":{"start":{"line":21,"column":16},"end":{"line":21,"column":84}},"14":{"start":{"line":24,"column":16},"end":{"line":24,"column":null}},"15":{"start":{"line":25,"column":16},"end":{"line":25,"column":60}},"16":{"start":{"line":26,"column":16},"end":{"line":26,"column":64}},"17":{"start":{"line":29,"column":16},"end":{"line":29,"column":82}},"18":{"start":{"line":31,"column":16},"end":{"line":31,"column":90}},"19":{"start":{"line":32,"column":16},"end":{"line":32,"column":82}},"20":{"start":{"line":33,"column":16},"end":{"line":33,"column":88}},"21":{"start":{"line":34,"column":16},"end":{"line":34,"column":103}},"22":{"start":{"line":38,"column":16},"end":{"line":38,"column":85}},"23":{"start":{"line":40,"column":0},"end":{"line":40,"column":null}},"24":{"start":{"line":41,"column":0},"end":{"line":41,"column":54}},"25":{"start":{"line":42,"column":0},"end":{"line":42,"column":58}},"26":{"start":{"line":43,"column":0},"end":{"line":43,"column":63}},"27":{"start":{"line":44,"column":0},"end":{"line":44,"column":67}},"28":{"start":{"line":48,"column":0},"end":{"line":48,"column":22}}},"fnMap":{},"branchMap":{},"s":{"0":1,"1":1,"2":1,"3":1,"4":1,"5":1,"6":1,"7":1,"8":1,"9":1,"10":1,"11":1,"12":1,"13":1,"14":1,"15":1,"16":1,"17":1,"18":1,"19":1,"20":1,"21":1,"22":1,"23":1,"24":1,"25":1,"26":1,"27":1,"28":1},"f":{},"b":{}}
,"/Users/vt/Desktop/codeworks/Senior/thesis/EVAPP/server/utils/userUtils.ts": {"path":"/Users/vt/Desktop/codeworks/Senior/thesis/EVAPP/server/utils/userUtils.ts","statementMap":{"0":{"start":{"line":1,"column":0},"end":{"line":1,"column":31}},"1":{"start":{"line":2,"column":0},"end":{"line":2,"column":23}},"2":{"start":{"line":3,"column":0},"end":{"line":3,"column":28}},"3":{"start":{"line":4,"column":0},"end":{"line":4,"column":34}},"4":{"start":{"line":6,"column":0},"end":{"line":6,"column":66}},"5":{"start":{"line":11,"column":4},"end":{"line":26,"column":5}},"6":{"start":{"line":12,"column":34},"end":{"line":12,"column":45}},"7":{"start":{"line":14,"column":8},"end":{"line":14,"column":41}},"8":{"start":{"line":14,"column":28},"end":{"line":14,"column":41}},"9":{"start":{"line":16,"column":23},"end":{"line":16,"column":51}},"10":{"start":{"line":17,"column":8},"end":{"line":17,"column":34}},"11":{"start":{"line":17,"column":21},"end":{"line":17,"column":34}},"12":{"start":{"line":19,"column":21},"end":{"line":19,"column":51}},"13":{"start":{"line":21,"column":8},"end":{"line":21,"column":32}},"14":{"start":{"line":21,"column":19},"end":{"line":21,"column":32}},"15":{"start":{"line":23,"column":8},"end":{"line":23,"column":32}},"16":{"start":{"line":25,"column":8},"end":{"line":25,"column":20}},"17":{"start":{"line":10,"column":0},"end":{"line":10,"column":7}},"18":{"start":{"line":30,"column":23},"end":{"line":30,"column":46}},"19":{"start":{"line":31,"column":4},"end":{"line":36,"column":5}},"20":{"start":{"line":32,"column":29},"end":{"line":32,"column":80}},"21":{"start":{"line":33,"column":8},"end":{"line":33,"column":35}},"22":{"start":{"line":35,"column":8},"end":{"line":35,"column":25}},"23":{"start":{"line":29,"column":0},"end":{"line":29,"column":16}},"24":{"start":{"line":40,"column":24},"end":{"line":46,"column":6}},"25":{"start":{"line":48,"column":23},"end":{"line":48,"column":61}},"26":{"start":{"line":49,"column":23},"end":{"line":49,"column":65}},"27":{"start":{"line":51,"column":4},"end":{"line":72,"column":5}},"28":{"start":{"line":52,"column":25},"end":{"line":66,"column":10}},"29":{"start":{"line":68,"column":29},"end":{"line":68,"column":50}},"30":{"start":{"line":69,"column":8},"end":{"line":69,"column":61}},"31":{"start":{"line":71,"column":8},"end":{"line":71,"column":65}},"32":{"start":{"line":39,"column":0},"end":{"line":39,"column":7}}},"fnMap":{"0":{"name":"validateUser","decl":{"start":{"line":10,"column":22},"end":{"line":10,"column":34}},"loc":{"start":{"line":10,"column":53},"end":{"line":27,"column":1}}},"1":{"name":"tokenToUserId","decl":{"start":{"line":29,"column":16},"end":{"line":29,"column":29}},"loc":{"start":{"line":29,"column":43},"end":{"line":37,"column":1}}},"2":{"name":"sendPushNotification","decl":{"start":{"line":39,"column":22},"end":{"line":39,"column":42}},"loc":{"start":{"line":39,"column":93},"end":{"line":73,"column":1}}}},"branchMap":{"0":{"loc":{"start":{"line":14,"column":8},"end":{"line":14,"column":41}},"type":"if","locations":[{"start":{"line":14,"column":8},"end":{"line":14,"column":41}}]},"1":{"loc":{"start":{"line":17,"column":8},"end":{"line":17,"column":34}},"type":"if","locations":[{"start":{"line":17,"column":8},"end":{"line":17,"column":34}}]},"2":{"loc":{"start":{"line":21,"column":8},"end":{"line":21,"column":32}},"type":"if","locations":[{"start":{"line":21,"column":8},"end":{"line":21,"column":32}}]}},"s":{"0":1,"1":1,"2":1,"3":1,"4":1,"5":0,"6":0,"7":0,"8":0,"9":0,"10":0,"11":0,"12":0,"13":0,"14":0,"15":0,"16":0,"17":1,"18":0,"19":0,"20":0,"21":0,"22":0,"23":1,"24":0,"25":0,"26":0,"27":0,"28":0,"29":0,"30":0,"31":0,"32":1},"f":{"0":0,"1":0,"2":0},"b":{"0":[0],"1":[0],"2":[0]}}
}
