TN:
SF:index.ts
FN:22,(anonymous_1)
FNF:1
FNH:1
FNDA:1,(anonymous_1)
DA:1,1
DA:2,1
DA:3,1
DA:4,1
DA:5,1
DA:6,1
DA:8,1
DA:9,1
DA:11,1
DA:12,1
DA:13,1
DA:14,1
DA:16,1
DA:17,1
DA:18,1
DA:19,1
DA:22,1
DA:23,1
DA:26,1
LF:19
LH:19
BRDA:12,0,0,1
BRDA:12,0,1,1
BRF:2
BRH:2
end_of_record
TN:
SF:controllers/chatController.ts
FN:10,(anonymous_1)
FN:19,(anonymous_2)
FN:83,(anonymous_3)
FN:106,(anonymous_4)
FN:121,(anonymous_5)
FN:144,(anonymous_6)
FNF:6
FNH:0
FNDA:0,(anonymous_1)
FNDA:0,(anonymous_2)
FNDA:0,(anonymous_3)
FNDA:0,(anonymous_4)
FNDA:0,(anonymous_5)
FNDA:0,(anonymous_6)
DA:2,1
DA:3,1
DA:4,1
DA:5,1
DA:6,1
DA:7,1
DA:8,1
DA:10,1
DA:11,0
DA:12,0
DA:14,0
DA:19,1
DA:20,0
DA:21,0
DA:22,0
DA:24,0
DA:26,0
DA:43,0
DA:45,0
DA:46,0
DA:48,0
DA:59,0
DA:61,0
DA:63,0
DA:64,0
DA:83,1
DA:84,0
DA:85,0
DA:86,0
DA:88,0
DA:95,0
DA:97,0
DA:98,0
DA:106,1
DA:107,0
DA:108,0
DA:109,0
DA:111,0
DA:112,0
DA:114,0
DA:116,0
DA:117,0
DA:121,1
DA:122,0
DA:124,0
DA:125,0
DA:127,0
DA:136,0
DA:138,0
DA:139,0
DA:144,1
DA:145,0
DA:146,0
DA:147,0
DA:149,0
DA:150,0
DA:153,0
DA:166,0
DA:167,0
DA:171,0
DA:176,0
DA:182,0
DA:183,0
DA:186,0
DA:187,0
DA:192,1
LF:66
LH:14
BRDA:22,0,0,0
BRDA:22,1,0,0
BRDA:22,1,1,0
BRDA:43,2,0,0
BRDA:43,3,0,0
BRDA:43,3,1,0
BRDA:59,4,0,0
BRDA:86,5,0,0
BRDA:86,6,0,0
BRDA:86,6,1,0
BRDA:109,7,0,0
BRDA:147,8,0,0
BRDA:166,9,0,0
BRF:13
BRH:0
end_of_record
TN:
SF:controllers/tripController.ts
FN:12,(anonymous_1)
FN:27,(anonymous_2)
FN:70,(anonymous_3)
FN:116,(anonymous_4)
FN:175,(anonymous_5)
FN:234,(anonymous_6)
FNF:6
FNH:6
FNDA:3,(anonymous_1)
FNDA:2,(anonymous_2)
FNDA:3,(anonymous_3)
FNDA:3,(anonymous_4)
FNDA:3,(anonymous_5)
FNDA:3,(anonymous_6)
DA:2,1
DA:3,1
DA:4,1
DA:5,1
DA:6,1
DA:7,1
DA:8,1
DA:10,1
DA:12,1
DA:13,3
DA:15,3
DA:17,3
DA:19,2
DA:21,2
DA:23,1
DA:27,1
DA:28,2
DA:29,2
DA:30,2
DA:33,2
DA:34,2
DA:43,0
DA:56,2
DA:57,2
DA:58,2
DA:59,1
DA:60,1
DA:62,1
DA:64,1
DA:65,1
DA:70,1
DA:71,3
DA:72,3
DA:73,3
DA:74,2
DA:76,2
DA:82,1
DA:84,1
DA:86,1
DA:92,1
DA:94,1
DA:98,1
DA:100,1
DA:105,1
DA:107,1
DA:109,1
DA:110,1
DA:116,1
DA:117,3
DA:119,3
DA:120,3
DA:122,2
DA:123,2
DA:125,2
DA:130,2
DA:133,2
DA:142,1
DA:144,1
DA:146,1
DA:152,1
DA:153,1
DA:154,1
DA:155,1
DA:166,1
DA:168,1
DA:170,1
DA:171,1
DA:175,1
DA:176,3
DA:177,3
DA:178,3
DA:180,2
DA:182,2
DA:198,1
DA:199,1
DA:200,1
DA:202,1
DA:203,1
DA:217,1
DA:219,1
DA:225,1
DA:227,1
DA:229,1
DA:230,1
DA:234,1
DA:235,3
DA:236,3
DA:237,3
DA:238,2
DA:239,2
DA:241,2
DA:257,1
DA:259,1
DA:261,1
DA:262,1
DA:266,1
LF:96
LH:95
BRDA:17,0,0,1
BRDA:33,1,0,2
BRDA:33,1,1,0
BRDA:33,2,0,2
BRDA:33,2,1,2
BRDA:73,3,0,1
BRDA:73,4,0,3
BRDA:73,4,1,2
BRDA:73,4,2,2
BRDA:86,5,0,1
BRDA:86,5,1,0
BRDA:120,6,0,1
BRDA:120,7,0,3
BRDA:120,7,1,2
BRDA:120,7,2,2
BRDA:146,8,0,1
BRDA:146,8,1,0
BRDA:178,9,0,1
BRDA:178,10,0,3
BRDA:178,10,1,2
BRDA:178,10,2,2
BRDA:219,11,0,1
BRDA:219,11,1,0
BRDA:237,12,0,1
BRDA:237,13,0,3
BRDA:237,13,1,2
BRDA:237,13,2,2
BRF:27
BRH:23
end_of_record
TN:
SF:controllers/userController.ts
FN:14,(anonymous_1)
FN:61,(anonymous_2)
FN:78,(anonymous_3)
FN:96,(anonymous_4)
FN:120,(anonymous_5)
FN:141,(anonymous_6)
FN:162,(anonymous_7)
FN:186,(anonymous_8)
FN:210,(anonymous_9)
FN:235,(anonymous_10)
FN:246,(anonymous_11)
FN:260,putUpdateAccount
FN:296,(anonymous_13)
FN:327,(anonymous_14)
FNF:14
FNH:14
FNDA:2,(anonymous_1)
FNDA:5,(anonymous_2)
FNDA:1,(anonymous_3)
FNDA:3,(anonymous_4)
FNDA:3,(anonymous_5)
FNDA:4,(anonymous_6)
FNDA:3,(anonymous_7)
FNDA:3,(anonymous_8)
FNDA:3,(anonymous_9)
FNDA:3,(anonymous_10)
FNDA:4,(anonymous_11)
FNDA:4,putUpdateAccount
FNDA:3,(anonymous_13)
FNDA:3,(anonymous_14)
DA:1,1
DA:2,1
DA:4,1
DA:5,1
DA:6,1
DA:7,1
DA:8,1
DA:9,1
DA:11,1
DA:13,1
DA:14,1
DA:15,2
DA:16,2
DA:17,2
DA:19,2
DA:20,2
DA:21,1
DA:22,1
DA:52,1
DA:53,1
DA:56,0
DA:57,0
DA:61,1
DA:62,5
DA:65,5
DA:68,5
DA:70,0
DA:72,5
DA:78,1
DA:79,1
DA:80,1
DA:81,1
DA:83,0
DA:84,0
DA:86,0
DA:89,0
DA:91,0
DA:92,0
DA:96,1
DA:97,3
DA:98,3
DA:99,3
DA:101,2
DA:110,1
DA:112,1
DA:114,1
DA:115,1
DA:120,1
DA:121,3
DA:122,3
DA:123,3
DA:125,2
DA:134,1
DA:136,1
DA:137,1
DA:141,1
DA:143,4
DA:144,4
DA:145,4
DA:147,3
DA:148,3
DA:150,2
DA:151,2
DA:153,1
DA:154,1
DA:157,0
DA:158,0
DA:162,1
DA:163,3
DA:164,3
DA:165,3
DA:166,2
DA:167,2
DA:169,2
DA:177,1
DA:179,1
DA:181,1
DA:182,1
DA:186,1
DA:187,3
DA:188,3
DA:189,3
DA:190,2
DA:191,2
DA:192,2
DA:201,1
DA:203,1
DA:205,1
DA:206,1
DA:210,1
DA:211,3
DA:212,3
DA:213,3
DA:214,2
DA:215,2
DA:216,2
DA:225,1
DA:227,1
DA:229,1
DA:230,1
DA:235,1
DA:236,3
DA:237,3
DA:238,3
DA:240,2
DA:242,2
DA:243,1
DA:244,1
DA:246,1
DA:247,4
DA:248,4
DA:252,1
DA:254,1
DA:255,1
DA:261,4
DA:263,4
DA:264,4
DA:266,4
DA:269,4
DA:270,1
DA:271,1
DA:275,3
DA:276,1
DA:278,2
DA:280,2
DA:281,2
DA:282,1
DA:285,1
DA:286,1
DA:287,1
DA:291,0
DA:292,0
DA:296,1
DA:297,3
DA:299,3
DA:300,3
DA:303,2
DA:304,2
DA:306,2
DA:308,2
DA:318,1
DA:320,1
DA:322,1
DA:323,1
DA:327,1
DA:328,3
DA:330,3
DA:331,3
DA:334,2
DA:336,2
DA:338,1
DA:339,1
DA:342,1
DA:353,1
DA:360,1
DA:362,1
DA:363,1
DA:368,1
LF:158
LH:145
BRDA:17,0,0,0
BRDA:17,1,0,2
BRDA:17,1,1,2
BRDA:17,1,2,2
BRDA:17,1,3,2
BRDA:20,2,0,1
BRDA:81,3,0,1
BRDA:81,4,0,1
BRDA:81,4,1,0
BRDA:81,4,2,0
BRDA:99,5,0,1
BRDA:99,6,0,3
BRDA:99,6,1,2
BRDA:99,6,2,2
BRDA:123,7,0,1
BRDA:123,8,0,3
BRDA:123,8,1,2
BRDA:123,8,2,2
BRDA:145,9,0,1
BRDA:145,10,0,4
BRDA:145,10,1,3
BRDA:148,11,0,1
BRDA:151,12,0,1
BRDA:165,13,0,1
BRDA:165,14,0,3
BRDA:165,14,1,2
BRDA:165,14,2,2
BRDA:189,15,0,1
BRDA:189,16,0,3
BRDA:189,16,1,2
BRDA:189,16,2,2
BRDA:213,17,0,1
BRDA:213,18,0,3
BRDA:213,18,1,2
BRDA:213,18,2,2
BRDA:238,19,0,1
BRDA:238,20,0,3
BRDA:238,20,1,2
BRDA:238,20,2,2
BRDA:264,21,0,0
BRDA:264,22,0,4
BRDA:264,22,1,4
BRDA:264,22,2,4
BRDA:269,23,0,1
BRDA:275,24,0,1
BRDA:275,25,0,3
BRDA:275,25,1,2
BRDA:281,26,0,1
BRDA:300,27,0,1
BRDA:300,28,0,3
BRDA:300,28,1,2
BRDA:300,28,2,2
BRDA:331,29,0,1
BRDA:331,30,0,3
BRDA:331,30,1,2
BRDA:331,30,2,2
BRF:56
BRH:52
end_of_record
TN:
SF:models/Trip.ts
FNF:0
FNH:0
DA:1,1
DA:2,1
DA:4,1
DA:140,1
DA:142,1
LF:5
LH:5
BRF:0
BRH:0
end_of_record
TN:
SF:models/User.ts
FNF:0
FNH:0
DA:1,2
DA:2,2
DA:4,2
DA:91,2
DA:93,2
LF:5
LH:5
BRF:0
BRH:0
end_of_record
TN:
SF:routers/router.ts
FNF:0
FNH:0
DA:1,1
DA:2,1
DA:3,1
DA:4,1
DA:5,1
DA:8,1
DA:10,1
DA:11,1
DA:12,1
DA:15,1
DA:16,1
DA:19,1
DA:20,1
DA:21,1
DA:24,1
DA:25,1
DA:26,1
DA:29,1
DA:31,1
DA:32,1
DA:33,1
DA:34,1
DA:38,1
DA:40,1
DA:41,1
DA:42,1
DA:43,1
DA:44,1
DA:48,1
LF:29
LH:29
BRF:0
BRH:0
end_of_record
TN:
SF:utils/userUtils.ts
FN:10,validateUser
FN:29,tokenToUserId
FN:39,sendPushNotification
FNF:3
FNH:0
FNDA:0,validateUser
FNDA:0,tokenToUserId
FNDA:0,sendPushNotification
DA:1,1
DA:2,1
DA:3,1
DA:4,1
DA:6,1
DA:10,1
DA:11,0
DA:12,0
DA:14,0
DA:16,0
DA:17,0
DA:19,0
DA:21,0
DA:23,0
DA:25,0
DA:29,1
DA:30,0
DA:31,0
DA:32,0
DA:33,0
DA:35,0
DA:39,1
DA:40,0
DA:48,0
DA:49,0
DA:51,0
DA:52,0
DA:68,0
DA:69,0
DA:71,0
LF:30
LH:8
BRDA:14,0,0,0
BRDA:17,1,0,0
BRDA:21,2,0,0
BRF:3
BRH:0
end_of_record
